
Showing logs for build [32mcb-kubecd-environment-pr-247-4-5jpqc-1[0m stage [32mfrom-build-pack[0m and container [32mstep-credential-initializer-8cf7s[0m
{"level":"info","ts":1593529213.1377728,"logger":"fallback-logger","caller":"logging/config.go:69","msg":"Fetch GitHub commit ID from kodata failed: open /var/run/ko/refs/heads/0.8.0-ns-support: no such file or directory"}
{"level":"info","ts":1593529213.1383753,"logger":"fallback-logger","caller":"creds-init/main.go:40","msg":"Credentials initialized."}

Showing logs for build [32mcb-kubecd-environment-pr-247-4-5jpqc-1[0m stage [32mfrom-build-pack[0m and container [32mstep-working-dir-initializer-5f2hl[0m
{"level":"info","ts":1593529214.0516427,"logger":"fallback-logger","caller":"logging/config.go:69","msg":"Fetch GitHub commit ID from kodata failed: open /var/run/ko/HEAD: no such file or directory"}
{"level":"info","ts":1593529214.0598228,"logger":"fallback-logger","caller":"bash/main.go:64","msg":"Successfully executed command \"sh -c mkdir -p /workspace/source\"; output "}

Showing logs for build [32mcb-kubecd-environment-pr-247-4-5jpqc-1[0m stage [32mfrom-build-pack[0m and container [32mstep-place-tools[0m

Showing logs for build [32mcb-kubecd-environment-pr-247-4-5jpqc-1[0m stage [32mfrom-build-pack[0m and container [32mstep-git-source-cb-kubecd-environment-pr-247-4-5jpqc-6hzsn[0m
{"level":"info","ts":1593529219.1398268,"logger":"fallback-logger","caller":"logging/config.go:69","msg":"Fetch GitHub commit ID from kodata failed: open /var/run/ko/refs/heads/0.8.0-ns-support: no such file or directory"}
{"level":"info","ts":1593529220.2008626,"logger":"fallback-logger","caller":"git/git.go:103","msg":"Successfully cloned https://github.com/cb-kubecd/environment-pr-247-4-gke-upgrade-production.git @ master in path /workspace/source"}

Showing logs for build [32mcb-kubecd-environment-pr-247-4-5jpqc-1[0m stage [32mfrom-build-pack[0m and container [32mstep-setup-builder-home[0m

Showing logs for build [32mcb-kubecd-environment-pr-247-4-5jpqc-1[0m stage [32mfrom-build-pack[0m and container [32mstep-git-merge[0m
Using SHAs from PULL_REFS=master:1506f5d3a9d39dded40980a2f3582b55858c0027,1:7177a9fec7ccfb1eb278601a8b241f408c57ea0e
DEBUG: LC_ALL=C JX_LOG_LEVEL=error git fetch origin --unshallow 7177a9fec7ccfb1eb278601a8b241f408c57ea0e: 1506f5d3a9d39dded40980a2f3582b55858c0027:
DEBUG: ran git fetch --unshallow origin 7177a9fec7ccfb1eb278601a8b241f408c57ea0e: 1506f5d3a9d39dded40980a2f3582b55858c0027: in 
DEBUG: LC_ALL=C JX_LOG_LEVEL=error git branch
DEBUG: LC_ALL=C JX_LOG_LEVEL=error git checkout master
DEBUG: ran git checkout master in 
DEBUG: LC_ALL=C JX_LOG_LEVEL=error git reset --hard 1506f5d3a9d39dded40980a2f3582b55858c0027
DEBUG: ran git reset --hard 1506f5d3a9d39dded40980a2f3582b55858c0027 in 
DEBUG: LC_ALL=C JX_LOG_LEVEL=error git clean -fd .
DEBUG: ran clean --force -d . in 
DEBUG: LC_ALL=C JX_LOG_LEVEL=error git merge 7177a9fec7ccfb1eb278601a8b241f408c57ea0e
DEBUG: ran git merge 7177a9fec7ccfb1eb278601a8b241f408c57ea0e in 
DEBUG: LC_ALL=C JX_LOG_LEVEL=error git log --format=%H%x1f%an%x1f%ae%x1f%cn%x1f%ce%x1f%s%n%b%x1e 1506f5d3a9d39dded40980a2f3582b55858c0027..HEAD
Merged SHA 7177a9fec7ccfb1eb278601a8b241f408c57ea0e with commit message 'chore: Promote bdd-spring-1593527935 to version 0.0.1' into base branch master

Showing logs for build [32mcb-kubecd-environment-pr-247-4-5jpqc-1[0m stage [32mfrom-build-pack[0m and container [32mstep-build-helm-build[0m
WARNING: No $CHART_REPOSITORY defined so using the default value of: http://jenkins-x-chartmuseum:8080
Adding missing Helm repo: storage.googleapis.com https://storage.googleapis.com/chartmuseum.jenkins-x.io
WARNING: No secrets found on "helm/repos" due: reading the secret "helm/repos" from vault: no secret "helm/repos" not found in vault
Read credentials for https://storage.googleapis.com/chartmuseum.jenkins-x.io from vault helm/repos
Successfully added Helm repository storage.googleapis.com.
Adding missing Helm repo: jenkins-x-chartmuseum http://jenkins-x-chartmuseum:8080
WARNING: No secrets found on "helm/repos" due: reading the secret "helm/repos" from vault: no secret "helm/repos" not found in vault
Read credentials for http://jenkins-x-chartmuseum:8080 from vault helm/repos
Successfully added Helm repository jenkins-x-chartmuseum.
WARNING: No $CHART_REPOSITORY defined so using the default value of: http://jenkins-x-chartmuseum:8080
Adding missing Helm repo: chartmuseum.jenkins-x.io http://chartmuseum.jenkins-x.io
WARNING: No secrets found on "helm/repos" due: reading the secret "helm/repos" from vault: no secret "helm/repos" not found in vault
Read credentials for http://chartmuseum.jenkins-x.io from vault helm/repos
Successfully added Helm repository chartmuseum.jenkins-x.io.
